<?xml version="1.0" encoding="UTF-8"?>
<testsuites name="Test API" time="18.013" tests="7" failures="0" errors="0">
   <testsuite name="Test API" tests="7" failures="0" errors="0" time="18.013" skipped="0" timestamp="31-07-2024T17:43:39" hostname="ASUS - DESKTOP-TP13MS0" id="Test Suites/Test API">
      <properties>
         <property name="deviceName" value=""/>
         <property name="devicePlatform"/>
         <property name="logFolder" value="C:\\Users\\ASUS\\Katalon Studio\\Test API\\Reports\\20240731_174317\\Test API\\20240731_174317"/>
         <property name="logFiles" value="C:\\Users\\ASUS\\Katalon Studio\\Test API\\Reports\\20240731_174317\\Test API\\20240731_174317\\execution0.log"/>
         <property name="attachments" value=""/>
         <property name="hostName" value="ASUS - DESKTOP-TP13MS0"/>
         <property name="hostAddress" value="192.168.0.133"/>
         <property name="os" value="Windows 10 64bit"/>
         <property name="katalonVersion" value="9.6.0.217"/>
      </properties>
      <testcase name="Test Cases/TC01-Validation Response and Verify JSON Value" time="7.309" classname="Test Cases/TC01-Validation Response and Verify JSON Value" status="PASSED">
         <system-out><![CDATA[31-07-2024T17:43:39 - [TEST_CASE][PASSED] - Test Cases/TC01-Validation Response and Verify JSON Value: Test Cases/TC01-Validation Response and Verify JSON Value

31-07-2024T17:43:39 - [TEST_STEP][PASSED] - sendRequest(findTestObject("GET/GET List User")): Send request successfully

31-07-2024T17:43:43 - [MESSAGE][INFO] - HAR: C:\Users\ASUS\Katalon Studio\Test API\Reports\20240731_174317\Test API\20240731_174317\requests\main\0.har

31-07-2024T17:43:43 - [MESSAGE][PASSED] - Send request successfully

31-07-2024T17:43:43 - [TEST_STEP][PASSED] - response = sendRequestAndVerify(findTestObject("GET/GET List User")): Send request and verify the response successfully

31-07-2024T17:43:44 - [MESSAGE][INFO] - HAR: C:\Users\ASUS\Katalon Studio\Test API\Reports\20240731_174317\Test API\20240731_174317\requests\main\1.har

31-07-2024T17:43:44 - [TEST_CASE][PASSED] - Start Test Case : Verification: Verification accomplished successfully

31-07-2024T17:43:45 - [TEST_STEP][PASSED] - request = getInstance().getCurrentRequest(): null

31-07-2024T17:43:45 - [TEST_STEP][PASSED] - response = getInstance().getCurrentResponse(): null

31-07-2024T17:43:45 - [TEST_STEP][PASSED] - verifyResponseStatusCode(response, 200): Verify response status code successfully

31-07-2024T17:43:45 - [MESSAGE][PASSED] - Verify response status code successfully

31-07-2024T17:43:45 - [TEST_STEP][PASSED] - getStatusCode()).isEqualTo(200): null

31-07-2024T17:43:45 - [TEST_STEP][PASSED] - getStatusCode()).isIn(Arrays.asList(200, 201, 202)): null

31-07-2024T17:43:45 - [TEST_STEP][PASSED] - verifyElementPropertyValue(response, "data[4].first_name", "Charles"): Verify element property value successfully

31-07-2024T17:43:46 - [MESSAGE][PASSED] - Verify element property value successfully

31-07-2024T17:43:46 - [TEST_STEP][PASSED] - verifyElementPropertyValue(response, "data[4].email", "charles.morris@reqres.in"): Verify element property value successfully

31-07-2024T17:43:46 - [MESSAGE][PASSED] - Verify element property value successfully

31-07-2024T17:43:46 - [MESSAGE][PASSED] - Verify response successfully

31-07-2024T17:43:46 - [MESSAGE][PASSED] - All validation steps have been passed

31-07-2024T17:43:46 - [MESSAGE][PASSED] - Send request and verify the response successfully

31-07-2024T17:43:46 - [TEST_STEP][PASSED] - verifyResponseStatusCode(response, 200): Verify response status code successfully

31-07-2024T17:43:46 - [MESSAGE][PASSED] - Verify response status code successfully

31-07-2024T17:43:46 - [TEST_STEP][PASSED] - verifyElementsCount(response, "data.first_name", 6): Verify element count successfully

31-07-2024T17:43:46 - [MESSAGE][PASSED] - Verify element count successfully

31-07-2024T17:43:46 - [TEST_STEP][PASSED] - verifyElementPropertyValue(response, "data[4].first_name", "Charles"): Verify element property value successfully

31-07-2024T17:43:46 - [MESSAGE][PASSED] - Verify element property value successfully

31-07-2024T17:43:46 - [TEST_STEP][PASSED] - verifyElementPropertyValue(response, "data[4].email", "charles.morris@reqres.in"): Verify element property value successfully

31-07-2024T17:43:46 - [MESSAGE][PASSED] - Verify element property value successfully]]></system-out>
         <system-err><![CDATA[]]></system-err>
      </testcase>
      <testcase name="Test Cases/TC02-Validation Response Specific User" time="1.075" classname="Test Cases/TC02-Validation Response Specific User" status="PASSED">
         <system-out><![CDATA[31-07-2024T17:43:46 - [TEST_CASE][PASSED] - Test Cases/TC02-Validation Response Specific User: Test Cases/TC02-Validation Response Specific User

31-07-2024T17:43:46 - [TEST_STEP][PASSED] - sendRequest(findTestObject("GET/GET Single User")): Send request successfully

31-07-2024T17:43:47 - [MESSAGE][INFO] - HAR: C:\Users\ASUS\Katalon Studio\Test API\Reports\20240731_174317\Test API\20240731_174317\requests\main\2.har

31-07-2024T17:43:47 - [MESSAGE][PASSED] - Send request successfully]]></system-out>
         <system-err><![CDATA[]]></system-err>
      </testcase>
      <testcase name="Test Cases/TC03-Validation Response Create User" time="1.767" classname="Test Cases/TC03-Validation Response Create User" status="PASSED">
         <system-out><![CDATA[31-07-2024T17:43:47 - [TEST_CASE][PASSED] - Test Cases/TC03-Validation Response Create User: Test Cases/TC03-Validation Response Create User

31-07-2024T17:43:48 - [TEST_STEP][PASSED] - sendRequest(findTestObject("POST/POST Create User")): Send request successfully

31-07-2024T17:43:48 - [MESSAGE][INFO] - HAR: C:\Users\ASUS\Katalon Studio\Test API\Reports\20240731_174317\Test API\20240731_174317\requests\main\3.har

31-07-2024T17:43:48 - [MESSAGE][PASSED] - Send request successfully

31-07-2024T17:43:48 - [TEST_STEP][PASSED] - response = sendRequestAndVerify(findTestObject("POST/POST Create User")): Send request and verify the response successfully

31-07-2024T17:43:49 - [MESSAGE][INFO] - HAR: C:\Users\ASUS\Katalon Studio\Test API\Reports\20240731_174317\Test API\20240731_174317\requests\main\4.har

31-07-2024T17:43:49 - [TEST_CASE][PASSED] - Start Test Case : Verification: Verification accomplished successfully

31-07-2024T17:43:49 - [TEST_STEP][PASSED] - request = getInstance().getCurrentRequest(): null

31-07-2024T17:43:49 - [TEST_STEP][PASSED] - response = getInstance().getCurrentResponse(): null

31-07-2024T17:43:49 - [TEST_STEP][PASSED] - verifyResponseStatusCode(response, 201): Verify response status code successfully

31-07-2024T17:43:49 - [MESSAGE][PASSED] - Verify response status code successfully

31-07-2024T17:43:49 - [TEST_STEP][PASSED] - getStatusCode()).isEqualTo(201): null

31-07-2024T17:43:49 - [TEST_STEP][PASSED] - getStatusCode()).isIn(Arrays.asList(200, 201, 202)): null

31-07-2024T17:43:49 - [MESSAGE][PASSED] - Verify response successfully

31-07-2024T17:43:49 - [MESSAGE][PASSED] - All validation steps have been passed

31-07-2024T17:43:49 - [MESSAGE][PASSED] - Send request and verify the response successfully

31-07-2024T17:43:49 - [TEST_STEP][PASSED] - verifyResponseStatusCode(response, 201): Verify response status code successfully

31-07-2024T17:43:49 - [MESSAGE][PASSED] - Verify response status code successfully]]></system-out>
         <system-err><![CDATA[]]></system-err>
      </testcase>
      <testcase name="Test Cases/TC04-Validation Response Register Sucess" time="1.579" classname="Test Cases/TC04-Validation Response Register Sucess" status="PASSED">
         <system-out><![CDATA[31-07-2024T17:43:49 - [TEST_CASE][PASSED] - Test Cases/TC04-Validation Response Register Sucess: Test Cases/TC04-Validation Response Register Sucess

31-07-2024T17:43:49 - [TEST_STEP][PASSED] - sendRequest(findTestObject("POST/POST Register User Sucessfull")): Send request successfully

31-07-2024T17:43:50 - [MESSAGE][INFO] - HAR: C:\Users\ASUS\Katalon Studio\Test API\Reports\20240731_174317\Test API\20240731_174317\requests\main\5.har

31-07-2024T17:43:50 - [MESSAGE][PASSED] - Send request successfully

31-07-2024T17:43:50 - [TEST_STEP][PASSED] - response = sendRequestAndVerify(findTestObject("POST/POST Register User Sucessfull")): Send request and verify the response successfully

31-07-2024T17:43:50 - [MESSAGE][INFO] - HAR: C:\Users\ASUS\Katalon Studio\Test API\Reports\20240731_174317\Test API\20240731_174317\requests\main\6.har

31-07-2024T17:43:50 - [TEST_CASE][PASSED] - Start Test Case : Verification: Verification accomplished successfully

31-07-2024T17:43:51 - [TEST_STEP][PASSED] - request = getInstance().getCurrentRequest(): null

31-07-2024T17:43:51 - [TEST_STEP][PASSED] - response = getInstance().getCurrentResponse(): null

31-07-2024T17:43:51 - [TEST_STEP][PASSED] - verifyResponseStatusCode(response, 200): Verify response status code successfully

31-07-2024T17:43:51 - [MESSAGE][PASSED] - Verify response status code successfully

31-07-2024T17:43:51 - [TEST_STEP][PASSED] - getStatusCode()).isEqualTo(200): null

31-07-2024T17:43:51 - [TEST_STEP][PASSED] - getStatusCode()).isIn(Arrays.asList(200, 201, 202)): null

31-07-2024T17:43:51 - [MESSAGE][PASSED] - Verify response successfully

31-07-2024T17:43:51 - [MESSAGE][PASSED] - All validation steps have been passed

31-07-2024T17:43:51 - [MESSAGE][PASSED] - Send request and verify the response successfully

31-07-2024T17:43:51 - [TEST_STEP][PASSED] - verifyResponseStatusCode(response, 200): Verify response status code successfully

31-07-2024T17:43:51 - [MESSAGE][PASSED] - Verify response status code successfully]]></system-out>
         <system-err><![CDATA[]]></system-err>
      </testcase>
      <testcase name="Test Cases/TC05-Validation Response Login Sucess" time="1.692" classname="Test Cases/TC05-Validation Response Login Sucess" status="PASSED">
         <system-out><![CDATA[31-07-2024T17:43:51 - [TEST_CASE][PASSED] - Test Cases/TC05-Validation Response Login Sucess: Test Cases/TC05-Validation Response Login Sucess

31-07-2024T17:43:51 - [TEST_STEP][PASSED] - sendRequest(findTestObject("POST/POST Login Sucessfull")): Send request successfully

31-07-2024T17:43:52 - [MESSAGE][INFO] - HAR: C:\Users\ASUS\Katalon Studio\Test API\Reports\20240731_174317\Test API\20240731_174317\requests\main\7.har

31-07-2024T17:43:52 - [MESSAGE][PASSED] - Send request successfully

31-07-2024T17:43:52 - [TEST_STEP][PASSED] - response = sendRequestAndVerify(findTestObject("POST/POST Login Sucessfull")): Send request and verify the response successfully

31-07-2024T17:43:52 - [MESSAGE][INFO] - HAR: C:\Users\ASUS\Katalon Studio\Test API\Reports\20240731_174317\Test API\20240731_174317\requests\main\8.har

31-07-2024T17:43:53 - [TEST_CASE][PASSED] - Start Test Case : Verification: Verification accomplished successfully

31-07-2024T17:43:53 - [TEST_STEP][PASSED] - request = getInstance().getCurrentRequest(): null

31-07-2024T17:43:53 - [TEST_STEP][PASSED] - response = getInstance().getCurrentResponse(): null

31-07-2024T17:43:53 - [TEST_STEP][PASSED] - verifyResponseStatusCode(response, 200): Verify response status code successfully

31-07-2024T17:43:53 - [MESSAGE][PASSED] - Verify response status code successfully

31-07-2024T17:43:53 - [TEST_STEP][PASSED] - getStatusCode()).isEqualTo(200): null

31-07-2024T17:43:53 - [TEST_STEP][PASSED] - getStatusCode()).isIn(Arrays.asList(200, 201, 202)): null

31-07-2024T17:43:53 - [MESSAGE][PASSED] - Verify response successfully

31-07-2024T17:43:53 - [MESSAGE][PASSED] - All validation steps have been passed

31-07-2024T17:43:53 - [MESSAGE][PASSED] - Send request and verify the response successfully

31-07-2024T17:43:53 - [TEST_STEP][PASSED] - verifyResponseStatusCode(response, 200): Verify response status code successfully

31-07-2024T17:43:53 - [MESSAGE][PASSED] - Verify response status code successfully]]></system-out>
         <system-err><![CDATA[]]></system-err>
      </testcase>
      <testcase name="Test Cases/TC06-Validation Response Update Data User" time="2.364" classname="Test Cases/TC06-Validation Response Update Data User" status="PASSED">
         <system-out><![CDATA[31-07-2024T17:43:53 - [TEST_CASE][PASSED] - Test Cases/TC06-Validation Response Update Data User: Test Cases/TC06-Validation Response Update Data User

31-07-2024T17:43:53 - [TEST_STEP][PASSED] - sendRequest(findTestObject("PUT/PUT Update Data User")): Send request successfully

31-07-2024T17:43:53 - [MESSAGE][INFO] - HAR: C:\Users\ASUS\Katalon Studio\Test API\Reports\20240731_174317\Test API\20240731_174317\requests\main\9.har

31-07-2024T17:43:53 - [MESSAGE][PASSED] - Send request successfully

31-07-2024T17:43:53 - [TEST_STEP][PASSED] - response = sendRequestAndVerify(findTestObject("PUT/PUT Update Data User")): Send request and verify the response successfully

31-07-2024T17:43:55 - [MESSAGE][INFO] - HAR: C:\Users\ASUS\Katalon Studio\Test API\Reports\20240731_174317\Test API\20240731_174317\requests\main\10.har

31-07-2024T17:43:55 - [TEST_CASE][PASSED] - Start Test Case : Verification: Verification accomplished successfully

31-07-2024T17:43:55 - [TEST_STEP][PASSED] - request = getInstance().getCurrentRequest(): null

31-07-2024T17:43:55 - [TEST_STEP][PASSED] - response = getInstance().getCurrentResponse(): null

31-07-2024T17:43:55 - [TEST_STEP][PASSED] - verifyResponseStatusCode(response, 200): Verify response status code successfully

31-07-2024T17:43:55 - [MESSAGE][PASSED] - Verify response status code successfully

31-07-2024T17:43:55 - [TEST_STEP][PASSED] - getStatusCode()).isEqualTo(200): null

31-07-2024T17:43:55 - [TEST_STEP][PASSED] - getStatusCode()).isIn(Arrays.asList(200, 201, 202)): null

31-07-2024T17:43:55 - [MESSAGE][PASSED] - Verify response successfully

31-07-2024T17:43:55 - [MESSAGE][PASSED] - All validation steps have been passed

31-07-2024T17:43:55 - [MESSAGE][PASSED] - Send request and verify the response successfully

31-07-2024T17:43:55 - [TEST_STEP][PASSED] - verifyResponseStatusCode(response, 200): Verify response status code successfully

31-07-2024T17:43:55 - [MESSAGE][PASSED] - Verify response status code successfully]]></system-out>
         <system-err><![CDATA[]]></system-err>
      </testcase>
      <testcase name="Test Cases/TC07-Validation Response Delete Data User" time="1.81" classname="Test Cases/TC07-Validation Response Delete Data User" status="PASSED">
         <system-out><![CDATA[31-07-2024T17:43:55 - [TEST_CASE][PASSED] - Test Cases/TC07-Validation Response Delete Data User: Test Cases/TC07-Validation Response Delete Data User

31-07-2024T17:43:55 - [TEST_STEP][PASSED] - sendRequest(findTestObject("DELETE/DELETE User Data")): Send request successfully

31-07-2024T17:43:56 - [MESSAGE][INFO] - HAR: C:\Users\ASUS\Katalon Studio\Test API\Reports\20240731_174317\Test API\20240731_174317\requests\main\11.har

31-07-2024T17:43:56 - [MESSAGE][PASSED] - Send request successfully

31-07-2024T17:43:56 - [TEST_STEP][PASSED] - response = sendRequestAndVerify(findTestObject("DELETE/DELETE User Data")): Send request and verify the response successfully

31-07-2024T17:43:56 - [MESSAGE][INFO] - HAR: C:\Users\ASUS\Katalon Studio\Test API\Reports\20240731_174317\Test API\20240731_174317\requests\main\12.har

31-07-2024T17:43:56 - [TEST_CASE][PASSED] - Start Test Case : Verification: Verification accomplished successfully

31-07-2024T17:43:57 - [TEST_STEP][PASSED] - request = getInstance().getCurrentRequest(): null

31-07-2024T17:43:57 - [TEST_STEP][PASSED] - response = getInstance().getCurrentResponse(): null

31-07-2024T17:43:57 - [TEST_STEP][PASSED] - verifyResponseStatusCode(response, 204): Verify response status code successfully

31-07-2024T17:43:57 - [MESSAGE][PASSED] - Verify response status code successfully

31-07-2024T17:43:57 - [TEST_STEP][PASSED] - getStatusCode()).isEqualTo(204): null

31-07-2024T17:43:57 - [TEST_STEP][PASSED] - getStatusCode()).isIn(Arrays.asList(200, 201, 202, 204)): null

31-07-2024T17:43:57 - [MESSAGE][PASSED] - Verify response successfully

31-07-2024T17:43:57 - [MESSAGE][PASSED] - All validation steps have been passed

31-07-2024T17:43:57 - [MESSAGE][PASSED] - Send request and verify the response successfully

31-07-2024T17:43:57 - [TEST_STEP][PASSED] - verifyResponseStatusCode(response, 204): Verify response status code successfully

31-07-2024T17:43:57 - [MESSAGE][PASSED] - Verify response status code successfully]]></system-out>
         <system-err><![CDATA[]]></system-err>
      </testcase>
      <system-out><![CDATA[31-07-2024T17:43:39 - [TEST_SUITE][PASSED] - Test API: Test Cases/TC07-Validation Response Delete Data User]]></system-out>
      <system-err><![CDATA[]]></system-err>
   </testsuite>
</testsuites>
